<?xml version="1.0" encoding="UTF-8"?>
<testsuite name="org.pact.codec.ParityTest" tests="7" skipped="0" failures="0" errors="0" timestamp="2026-08-19T14:03:59" hostname="VICTUS-66" time="0.199">
  <properties/>
  <testcase name="pack10 round trips at the coordinate extremes()" classname="org.pact.codec.ParityTest" time="0.107"/>
  <testcase name="Q vectors round-trip their coordinates()" classname="org.pact.codec.ParityTest" time="0.047"/>
  <testcase name="kotlin encodes every vector byte-identically to python()" classname="org.pact.codec.ParityTest" time="0.026"/>
  <testcase name="bad checksum is rejected()" classname="org.pact.codec.ParityTest" time="0.001"/>
  <testcase name="unknown selection char decodes partially and is still accepted()" classname="org.pact.codec.ParityTest" time="0.001"/>
  <testcase name="checksum matches the documented value()" classname="org.pact.codec.ParityTest" time="0.001"/>
  <testcase name="every vector is single-part and gsm7 safe()" classname="org.pact.codec.ParityTest" time="0.008"/>
  <system-out><![CDATA[parity OK: 11 vectors
]]></system-out>
  <system-err><![CDATA[]]></system-err>
</testsuite>
